C51 COMPILER V9.57.0.0   SYSTEM                                                            07/06/2020 17:30:04 PAGE 1   


C51 COMPILER V9.57.0.0, COMPILATION OF MODULE SYSTEM
OBJECT MODULE PLACED IN .\hex\system.obj
COMPILER INVOKED BY: H:\KEIL5-C51\C51\BIN\C51.EXE system.c OPTIMIZE(8,SPEED) BROWSE DEBUG OBJECTEXTEND PRINT(.\Listings\
                    -system.lst) OBJECT(.\hex\system.obj)

line level    source

   1          #include "reg51.h"
   2          #include "system.h"
   3          void delay(unsigned char i)
   4          {
   5   1          while(i--);
   6   1      }
   7           void delay_10us(unsigned int i)
   8          { 
   9   1              unsigned int z = 922;
  10   1              i = z*i;
  11   1              while(i != 0){i--;}
  12   1      }
  13          void delay_1ms(unsigned int z)
  14          { unsigned int x,y;
  15   1              for(x=z;x>0;x--)
  16   1              for(y=110;y>0;y--);
  17   1      }


MODULE INFORMATION:   STATIC OVERLAYABLE
   CODE SIZE        =     56    ----
   CONSTANT SIZE    =   ----    ----
   XDATA SIZE       =   ----    ----
   PDATA SIZE       =   ----    ----
   DATA SIZE        =   ----    ----
   IDATA SIZE       =   ----    ----
   BIT SIZE         =   ----    ----
END OF MODULE INFORMATION.


C51 COMPILATION COMPLETE.  0 WARNING(S),  0 ERROR(S)
