C51 COMPILER V9.57.0.0   ULTRASONIC                                                        07/06/2020 17:30:04 PAGE 1   


C51 COMPILER V9.57.0.0, COMPILATION OF MODULE ULTRASONIC
OBJECT MODULE PLACED IN .\hex\ultrasonic.obj
COMPILER INVOKED BY: H:\KEIL5-C51\C51\BIN\C51.EXE ultrasonic.c OPTIMIZE(8,SPEED) BROWSE DEBUG OBJECTEXTEND PRINT(.\Listi
                    -ngs\ultrasonic.lst) OBJECT(.\hex\ultrasonic.obj)

line level    source

   1          #include "reg51.h"
   2          #include "ultrasonic.h"
   3          #include "system.h"
   4          sbit TRIG = P1^0; 
   5          sbit ECHO = P3^2;
   6          void Time0_Init(void)
   7          {
   8   1      TMOD=0x01; 
   9   1      TH0=0;
  10   1      TL0=0;
  11   1      ET0=1; 
  12   1      TR0=1; 
  13   1      EA=1; 
  14   1      }
  15          void ultrasonic_init(void)
  16          {
  17   1              Time0_Init();
  18   1              TRIG=0;
  19   1              ECHO=0;
  20   1      }
  21          void StartModule(void) 
  22           {
  23   1              TRIG = 1;
  24   1              delay_10us(2);
  25   1              TRIG = 0;
  26   1       }
  27          float Conut(void) 
  28          {       
  29   1              float S;
  30   1              unsigned int time;
  31   1              time=TH0*256+TL0;
  32   1              TH0=0;
  33   1              TL0=0;
  34   1              S=(time*1.7)/100;
  35   1              return S;
  36   1      }
  37          float ultrasonic_distance(void)
  38          {
  39   1              float distance;
  40   1              StartModule();
  41   1              while(!ECHO);
  42   1              TR0=1;
  43   1              while(ECHO);
  44   1              TR0=0;
  45   1              distance=Conut();
  46   1              TH0=0;
  47   1              TL0=0;
  48   1              delay(80);
  49   1              return distance;
  50   1      }


MODULE INFORMATION:   STATIC OVERLAYABLE
   CODE SIZE        =    125    ----
C51 COMPILER V9.57.0.0   ULTRASONIC                                                        07/06/2020 17:30:04 PAGE 2   

   CONSTANT SIZE    =   ----    ----
   XDATA SIZE       =   ----    ----
   PDATA SIZE       =   ----    ----
   DATA SIZE        =   ----       4
   IDATA SIZE       =   ----    ----
   BIT SIZE         =   ----    ----
END OF MODULE INFORMATION.


C51 COMPILATION COMPLETE.  0 WARNING(S),  0 ERROR(S)
