C51 COMPILER V9.57.0.0   PROJECT                                                           07/06/2020 21:36:06 PAGE 1   


C51 COMPILER V9.57.0.0, COMPILATION OF MODULE PROJECT
OBJECT MODULE PLACED IN .\hex\project.obj
COMPILER INVOKED BY: H:\KEIL5-C51\C51\BIN\C51.EXE project.c OPTIMIZE(8,SPEED) BROWSE DEBUG OBJECTEXTEND PRINT(.\Listings
                    -\project.lst) OBJECT(.\hex\project.obj)

line level    source

   1          #include "reg52.h"
   2          #include "stdio.h"
   3          sbit led=P2^0;
   4          sbit TRIG = P1^0; 
   5          sbit ECHO = P3^2;
   6          char buf[32];
   7          int S;
   8          /************ultrasonic**********/
   9          void Time0_Init(void);          
  10          void StartModule(void);
  11          void Conut(void);
  12          void ultrasonic_init(void);
  13          void ultrasonic_distance(void);
  14          /********************/
  15          /***********usart**********/
  16          void senddelay(unsigned long time);
  17          void sendMes(char *p);
  18          void initUart(void);
  19          void sendsingle(char single);
  20          /*********************/
  21          /**********delay**********/
  22          void delay(unsigned char i);
  23          void delay_10us(unsigned int i);
  24          void Time0(void) interrupt 1   //ç©ºçš„å®šæ—¶å™¨0æœåŠ¡å‡½æ•°ï¼Œæ²¡æœ‰å¯èƒ½ä¼šå‘ç”Ÿä¸çŸ¥åçš„é”™è¯¯
  25          {
  26   1      }
  27          void usart(void) interrupt 4  //ä¸ä¸ŠåŒç†
  28          {
  29   1      }
  30          int main()                    //ä¸»å‡½æ•°
  31          {
  32   1              initUart();                   //åˆå§‹åŒ–ä¸²å£
  33   1              ultrasonic_init();                      //åˆå§‹åŒ–è¶…å£°æ³¢æ¨¡å—
  34   1              while(1)                                        //ä¸æ–­æ‰“å°å‡ºè·ç¦»ï¼Œledæç¤ºç³»ç»Ÿæ­£å¸¸è¿è¡Œ
  35   1              {
  36   2              ultrasonic_distance();
  37   2              sprintf(buf,"S=%d\r\n",S);
  38   2              sendMes(buf);           
  39   2              led=0;
  40   2              }
  41   1      }
  42          /**********ultrasonic**********/
  43          void Time0_Init(void)                   //å®šæ—¶å™¨0é…ç½®å‡½æ•°
  44          {
  45   1      TMOD=0x01; 
  46   1      TH0=0;
  47   1      TL0=0;
  48   1      ET0=1; 
  49   1      TR0=1; 
  50   1      EA=1; 
  51   1      }
  52          void ultrasonic_init(void)              //è¶…å£°æ³¢åˆå§‹åŒ–å‡½æ•°
  53          {
  54   1              Time0_Init();
C51 COMPILER V9.57.0.0   PROJECT                                                           07/06/2020 21:36:06 PAGE 2   

  55   1              TRIG=0;
  56   1              ECHO=0;
  57   1      }
  58          void StartModule(void)                  //å¼€å§‹æ¨¡å—ï¼Œæ ¹æ®æ‰‹å†Œå¾—çŸ¥å°†TRIGæ‹‰é«˜20uså·¦å³æ¨¡å—å†…éƒ¨å³å¯å‘é
             -€8æ®µ40khzçš„8ä¸ª40khzçš„æ–¹æ³¢ï¼Œè‡ªåŠ¨æ£€æµ‹æ˜¯å¦æœ‰ä¿¡å·è¿”å›
  59           {
  60   1              TRIG = 1;
  61   1              delay_10us(2);
  62   1              TRIG = 0;
  63   1       }
  64          void Conut(void)                //è®¡ç®—è·ç¦»çš„å‡½æ•°
  65          {       
  66   1              unsigned int time;
  67   1              time=TH0*256+TL0;
  68   1              TH0=0;
  69   1              TL0=0;
  70   1              S=(time*1.7)/100;
  71   1      }
  72          void ultrasonic_distance(void)          
  73          /* æ£€æµ‹æ˜¯å¦æœ‰ä¿¡å·å›æ¥ï¼Œæœ‰åˆ™è¿›è¡Œè®¡ç®—ï¼Œæœ‰ä¿¡å·è¿”å›ï¼Œé€šè¿‡IOå£ECHOè¾“å‡ºä¸€ä¸ªé«˜ç”µå
             -¹³ï¼Œ
  74             é«˜ç”µå¹³æŒç»­çš„æ—¶é—´å°±æ˜¯è¶…å£°æ³¢ä»å‘å°„åˆ°è¿”å›çš„æ—¶é—´ã€‚é€šè¿‡å…¬å¼è®¡ç®—æµ‹è¯•è·ç¦»=(é«
             -˜ç”µå¹³æ—¶é—´*å£°é€Ÿ(340M/S))/2  */
  75          {
  76   1              StartModule();
  77   1              while(!ECHO);
  78   1              TR0=1;
  79   1              while(ECHO);
  80   1              TR0=0;
  81   1              Conut();
  82   1              TH0=0;
  83   1              TL0=0;
  84   1              delay(80);
  85   1      }
  86          /******************/
  87          /**********usart**********/
  88          void senddelay(unsigned long time)              //ä¸²å£å‘é€æ¶ˆæ¯æ—¶çš„å»¶è¿Ÿå‡½æ•°
  89          {                 
  90   1              int i = 0;
  91   1              int j = 0;
  92   1              for(i = 0;i<100;i++)
  93   1              {
  94   2                      for(j = 0;j<time;j++);
  95   2              }
  96   1      }       
  97          void initUart(void)                                             //ä¸²å£åˆå§‹åŒ–å‡½æ•°
  98          {
  99   1              EA = 1;
 100   1              ES = 1;
 101   1              SCON = 0x40;
 102   1              TH2 = 0xFF;
 103   1              TL2 = 0xFD;
 104   1              RCAP2H = 0xFF;
 105   1              RCAP2L = 0xFD;
 106   1              T2CON = 0x34;
 107   1      }
 108          void sendMes(char *p)                                   //å‘é€æ¶ˆæ¯å‡½æ•°
 109          {
 110   1              while(*p!='\0'){
 111   2              sendsingle(*p);
 112   2              p++;
 113   2              } 
C51 COMPILER V9.57.0.0   PROJECT                                                           07/06/2020 21:36:06 PAGE 3   

 114   1               senddelay(100);
 115   1      }
 116          void sendsingle(char single)                    //ä¼ é€’æ•°å€¼å‡½æ•°
 117          {               
 118   1              SBUF=single;
 119   1              while(TI!=1);
 120   1              TI=0;
 121   1      }
 122          /********************/
 123          /**********delay**********/
 124          void delay(unsigned char i)                             //ç²—ç•¥å»¶æ—¶å‡½æ•°
 125          {
 126   1          while(i--);
 127   1      }
 128           void delay_10us(unsigned int i)                //i=1æ—¶å®šæ—¶å¤§çº¦10uså‡½æ•°ï¼Œä»¥æ­¤ç±»æ¨
 129          { 
 130   1              unsigned char a,b,c;
 131   1              for(c=0;c<i;c++)
 132   1              {
 133   2                      for(b=1;b>0;b--)
 134   2                      {
 135   3                              for(a=2;a>0;a--);
 136   3                      }
 137   2              }
 138   1      }


MODULE INFORMATION:   STATIC OVERLAYABLE
   CODE SIZE        =    336    ----
   CONSTANT SIZE    =      7    ----
   XDATA SIZE       =   ----    ----
   PDATA SIZE       =   ----    ----
   DATA SIZE        =     34       9
   IDATA SIZE       =   ----    ----
   BIT SIZE         =   ----    ----
END OF MODULE INFORMATION.


C51 COMPILATION COMPLETE.  0 WARNING(S),  0 ERROR(S)
