C51 COMPILER V9.57.0.0   PROJECT                                                           07/09/2020 20:40:25 PAGE 1   


C51 COMPILER V9.57.0.0, COMPILATION OF MODULE PROJECT
OBJECT MODULE PLACED IN .\hex\project.obj
COMPILER INVOKED BY: H:\KEIL5-C51\C51\BIN\C51.EXE project.c OPTIMIZE(8,SPEED) BROWSE DEBUG OBJECTEXTEND PRINT(.\Listings
                    -\project.lst) OBJECT(.\hex\project.obj)

line level    source

   1          #include "reg51.h"
   2          #include "intrins.h"
   3          #include "stdlib.h"
   4          sbit led=P1^7;
   5          sbit led_g=P1^4;
   6          sbit SER= P3^4;    
   7          sbit SRCLK=P3^6;    
   8          sbit RCLK=P3^5;
   9          void appear(void);
  10          void delay(unsigned long t);
  11          void HC_595(unsigned char date);
  12          void snake_init(void);
  13          void auto_move(void);
  14          void random_berry(void);
  15          void Eating_berry(void);
  16          void judgment(void);
  17          unsigned char length=3;
  18          unsigned char berry_x;                  
  19          unsigned char berry_y;
  20          unsigned char x[32]={0},y[32]={0};
  21          unsigned char flag_repaeat=0;
  22          unsigned char code X_[8]={0x7F,0xBF,0xDF,0xEF,0xF7,0xFB,0xFD,0xFE};      
  23          unsigned char code Y_[8]={0x80,0x40,0x20,0x10,0x08,0x04,0x02,0x01};     
  24          unsigned char flag_eating=0;      
  25          char flag_x=1;             
  26          char flag_y=0;
  27          unsigned char flag_death=0;
  28          void EX_INIT()
  29          {
  30   1              IT0=1;  
  31   1              EX0=1;  
  32   1                                                                                                                
  33   1              IT1=1; 
  34   1              EX1=1;  
  35   1       
  36   1              EA =1;
  37   1      }
  38          void Timer0Init()                                 
  39          {
  40   1              TMOD|=0X01;
  41   1              TH0=(65536-1000)/256;   
  42   1              TL0=(65536-1000)/256;   
  43   1              ET0=1;
  44   1              EA=1;
  45   1              TR0=1;  
  46   1      }
  47          void Timer1Init()                                 
  48          {
  49   1              TMOD|=0X01;
  50   1              TH1=(65536-1000)/256;   
  51   1              TL1=(65536-1000)/256;   
  52   1              ET1=1;
  53   1              EA=1;
  54   1              TR1=1;  
C51 COMPILER V9.57.0.0   PROJECT                                                           07/09/2020 20:40:25 PAGE 2   

  55   1      }
  56          void Timer1(void) interrupt 3
  57          {
  58   1      }
  59          void Timer0(void) interrupt 1
  60          {
  61   1              P0 = X_[berry_x-1];
  62   1              HC_595(Y_[berry_y-1]);
  63   1      }
  64          void EX1_SER(void) interrupt 0
  65          {
  66   1              if(flag_y==1)      //up
  67   1              {flag_x=-1;     //left
  68   2               flag_y=0;}
  69   1              else if(flag_y==-1) //down
  70   1              {flag_x=1;     //right
  71   2               flag_y=0;}     
  72   1              else if(flag_x==-1) //left
  73   1              {flag_x=0;              //down
  74   2              flag_y=-1;}
  75   1              else if(flag_x==1)   //right
  76   1              {flag_x=0;                      //up
  77   2              flag_y=1;}
  78   1      }
  79          void EX2_SER(void) interrupt 2
  80          {
  81   1              if(flag_y==1)   //up
  82   1              {flag_x=1;     //right
  83   2               flag_y=0;}
  84   1              
  85   1              else if(flag_y==-1) //down
  86   1              {flag_x=-1;     //left
  87   2               flag_y=0;}
  88   1              
  89   1              else if(flag_x==-1) //left
  90   1              {flag_x=0;              //up
  91   2              flag_y=1;}
  92   1              
  93   1              else if(flag_x==1)   //right
  94   1              {flag_x=0;                      //down                  
  95   2              flag_y=-1;}     
  96   1      }       
  97          int main()
  98          {
  99   1              EX_INIT();
 100   1              snake_init();
 101   1              Timer0Init();
 102   1              Timer1Init();
 103   1              random_berry();
 104   1              while(1)
 105   1              {
 106   2                                        if(!flag_death)         
 107   2                                          {
 108   3                                                      appear();
 109   3                                                      auto_move();                    
 110   3                                                      Eating_berry();
 111   3                                                      judgment();
 112   3                                              }
 113   2                      led=~led;
 114   2              }
 115   1      }
 116          void appear(void)
C51 COMPILER V9.57.0.0   PROJECT                                                           07/09/2020 20:40:25 PAGE 3   

 117          {
 118   1              unsigned char i;
 119   1              P0=0xFF;                 
 120   1              HC_595(0x00);
 121   1              for(i=0;i<length;i++)                                    
 122   1              {
 123   2                      if((x[i]!=0)&&(y[i]!=0))
 124   2                      {
 125   3                              HC_595(Y_[y[i]-1]);
 126   3                              P0=X_[x[i]-1];
 127   3                              delay(5);                       
 128   3                      }
 129   2              }
 130   1      }
 131          void delay(unsigned long t)
 132          {
 133   1              unsigned int x,y;
 134   1              for(x=t;x>0;x--)
 135   1              for(y=110;y>0;y--);
 136   1      }
 137          void auto_move(void)            
 138          {       
 139   1              unsigned char i;                                        
 140   1              for(i=0;i<(length-1);i++)
 141   1              {
 142   2                      x[i]=x[i+1];
 143   2                      y[i]=y[i+1];
 144   2              }
 145   1                      x[length-1]+=flag_x;
 146   1                      y[length-1]+=flag_y;
 147   1                              if(x[length-1]>8)                       
 148   1                                      x[length-1] = 1;
 149   1                                      else if(x[length-1]<1)
 150   1                                              x[length-1] = 8;                                
 151   1                              if(y[length-1]>8)
 152   1                                      y[length-1] = 1;
 153   1                                      else if(y[length-1]<1)
 154   1                                              y[length-1] = 8;
 155   1              delay(500);
 156   1      }
 157          void HC_595(unsigned char date)                          
 158          {       
 159   1              unsigned char i;
 160   1              SRCLK = 0;
 161   1              RCLK = 0;
 162   1      
 163   1              for(i=0;i<8;i++)
 164   1              {
 165   2                      SER = date>>7;
 166   2                      date<<=1;
 167   2                      SRCLK = 1;
 168   2                      _nop_();
 169   2                      _nop_();
 170   2                      SRCLK = 0;
 171   2              }
 172   1              RCLK = 1;
 173   1                      _nop_();
 174   1                      _nop_();
 175   1              RCLK = 0;
 176   1      }
 177          void snake_init(void)
 178          {
C51 COMPILER V9.57.0.0   PROJECT                                                           07/09/2020 20:40:25 PAGE 4   

 179   1              x[0] = 2;                          
 180   1              y[0] = 3;
 181   1              x[1] = 3;
 182   1              y[1] = 3;
 183   1              x[2] = 4;
 184   1              y[2] = 3;
 185   1      }
 186          void random_berry(void)                                         
 187          {
 188   1              unsigned char i,random_x,random_y;              
 189   1              do{
 190   2                      flag_repaeat=0;
 191   2                      random_x=(rand()%8)+1;                                  
 192   2                      random_y=(rand()%8)+1;
 193   2                      for(i=0;i<length;i++)
 194   2                        {     
 195   3                              if((random_x==x[i])&&(random_y==y[i]))                       
 196   3                                              flag_repaeat = 1;               
 197   3                        }
 198   2                      }while(flag_repaeat);           
 199   1              berry_x=random_x;
 200   1              berry_y=random_y;
 201   1      }
 202          void Eating_berry(void)                 
 203          {
 204   1              if(((x[length-1]+flag_x)==berry_x)&&((y[length-1]+flag_y)==berry_y)  )
 205   1                                              {flag_eating=1;}
 206   1              else if((x[length-1]==berry_x)&&(y[length-1]==berry_y))
 207   1                                              {flag_eating=1;}
 208   1              if(flag_eating)
 209   1              {
 210   2                      flag_eating=0;
 211   2                      TR0 = 0;
 212   2                      length++;
 213   2                      x[length-1]=berry_x+flag_x;
 214   2                      y[length-1]=berry_y+flag_y;
 215   2              random_berry();  
 216   2                      TR0=1;
 217   2              }
 218   1      }
 219          void judgment(void)
 220          {
 221   1              unsigned char i;
 222   1              if(length>4)    
 223   1              {
 224   2              for(i=0;i<length-4;i++)                            
 225   2                {     
 226   3                      if(((x[length-1])==x[i])&&((y[length-1])==y[i])  )  
 227   3                                       {
 228   4                                              flag_death=1; 
 229   4                                       }
 230   3                }
 231   2              if(flag_death==1)
 232   2                      {
 233   3                      HC_595(0x00);
 234   3                      P0=0xff;
 235   3                      led_g=~led_g;
 236   3                      }
 237   2              }
 238   1      }


C51 COMPILER V9.57.0.0   PROJECT                                                           07/09/2020 20:40:25 PAGE 5   

MODULE INFORMATION:   STATIC OVERLAYABLE
   CODE SIZE        =    810    ----
   CONSTANT SIZE    =     16    ----
   XDATA SIZE       =   ----    ----
   PDATA SIZE       =   ----    ----
   DATA SIZE        =     72       6
   IDATA SIZE       =   ----    ----
   BIT SIZE         =   ----    ----
END OF MODULE INFORMATION.


C51 COMPILATION COMPLETE.  0 WARNING(S),  0 ERROR(S)
